{"C:\\Users\\noura\\Documents\\GitHub\\Bookstore-API-FS-Intern\\__tests__\\setup.js": {"path":"C:\\Users\\noura\\Documents\\GitHub\\Bookstore-API-FS-Intern\\__tests__\\setup.js","statementMap":{"0":{"start":{"line":1,"column":17},"end":{"line":1,"column":36}},"1":{"start":{"line":2,"column":30},"end":{"line":2,"column":62}},"2":{"start":{"line":7,"column":0},"end":{"line":12,"column":3}},"3":{"start":{"line":8,"column":2},"end":{"line":8,"column":49}},"4":{"start":{"line":9,"column":19},"end":{"line":9,"column":39}},"5":{"start":{"line":11,"column":2},"end":{"line":11,"column":35}},"6":{"start":{"line":15,"column":0},"end":{"line":20,"column":3}},"7":{"start":{"line":16,"column":22},"end":{"line":16,"column":53}},"8":{"start":{"line":17,"column":2},"end":{"line":19,"column":3}},"9":{"start":{"line":18,"column":4},"end":{"line":18,"column":42}},"10":{"start":{"line":23,"column":0},"end":{"line":26,"column":3}},"11":{"start":{"line":24,"column":2},"end":{"line":24,"column":30}},"12":{"start":{"line":25,"column":2},"end":{"line":25,"column":27}}},"fnMap":{"0":{"name":"(anonymous_0)","decl":{"start":{"line":7,"column":10},"end":{"line":7,"column":11}},"loc":{"start":{"line":7,"column":22},"end":{"line":12,"column":1}},"line":7},"1":{"name":"(anonymous_1)","decl":{"start":{"line":15,"column":10},"end":{"line":15,"column":11}},"loc":{"start":{"line":15,"column":22},"end":{"line":20,"column":1}},"line":15},"2":{"name":"(anonymous_2)","decl":{"start":{"line":23,"column":9},"end":{"line":23,"column":10}},"loc":{"start":{"line":23,"column":21},"end":{"line":26,"column":1}},"line":23}},"branchMap":{},"s":{"0":3,"1":3,"2":3,"3":3,"4":3,"5":3,"6":3,"7":35,"8":35,"9":70,"10":3,"11":3,"12":3},"f":{"0":3,"1":35,"2":3},"b":{},"_coverageSchema":"1a1c01bbd47fc00a2c39e90264f33305004495a9","hash":"a9e3ebc48ac98cf67a50884eff81e5cdc99619eb"}
,"C:\\Users\\noura\\Documents\\GitHub\\Bookstore-API-FS-Intern\\src\\app.js": {"path":"C:\\Users\\noura\\Documents\\GitHub\\Bookstore-API-FS-Intern\\src\\app.js","statementMap":{"0":{"start":{"line":1,"column":16},"end":{"line":1,"column":34}},"1":{"start":{"line":2,"column":13},"end":{"line":2,"column":28}},"2":{"start":{"line":3,"column":18},"end":{"line":3,"column":47}},"3":{"start":{"line":4,"column":20},"end":{"line":4,"column":47}},"4":{"start":{"line":6,"column":12},"end":{"line":6,"column":21}},"5":{"start":{"line":9,"column":0},"end":{"line":9,"column":24}},"6":{"start":{"line":10,"column":0},"end":{"line":10,"column":16}},"7":{"start":{"line":13,"column":0},"end":{"line":13,"column":68}},"8":{"start":{"line":16,"column":19},"end":{"line":16,"column":49}},"9":{"start":{"line":17,"column":19},"end":{"line":17,"column":49}},"10":{"start":{"line":18,"column":19},"end":{"line":18,"column":49}},"11":{"start":{"line":20,"column":0},"end":{"line":20,"column":33}},"12":{"start":{"line":21,"column":0},"end":{"line":21,"column":34}},"13":{"start":{"line":22,"column":0},"end":{"line":22,"column":34}},"14":{"start":{"line":25,"column":0},"end":{"line":31,"column":3}},"15":{"start":{"line":26,"column":2},"end":{"line":30,"column":5}},"16":{"start":{"line":34,"column":0},"end":{"line":39,"column":3}},"17":{"start":{"line":35,"column":2},"end":{"line":38,"column":5}},"18":{"start":{"line":42,"column":0},"end":{"line":48,"column":3}},"19":{"start":{"line":43,"column":2},"end":{"line":43,"column":37}},"20":{"start":{"line":44,"column":2},"end":{"line":47,"column":5}},"21":{"start":{"line":50,"column":0},"end":{"line":50,"column":21}}},"fnMap":{"0":{"name":"(anonymous_0)","decl":{"start":{"line":25,"column":13},"end":{"line":25,"column":14}},"loc":{"start":{"line":25,"column":27},"end":{"line":31,"column":1}},"line":25},"1":{"name":"(anonymous_1)","decl":{"start":{"line":34,"column":8},"end":{"line":34,"column":9}},"loc":{"start":{"line":34,"column":22},"end":{"line":39,"column":1}},"line":34},"2":{"name":"(anonymous_2)","decl":{"start":{"line":42,"column":8},"end":{"line":42,"column":9}},"loc":{"start":{"line":42,"column":33},"end":{"line":48,"column":1}},"line":42}},"branchMap":{"0":{"loc":{"start":{"line":44,"column":13},"end":{"line":44,"column":30}},"type":"binary-expr","locations":[{"start":{"line":44,"column":13},"end":{"line":44,"column":23}},{"start":{"line":44,"column":27},"end":{"line":44,"column":30}}],"line":44},"1":{"loc":{"start":{"line":46,"column":13},"end":{"line":46,"column":51}},"type":"binary-expr","locations":[{"start":{"line":46,"column":13},"end":{"line":46,"column":24}},{"start":{"line":46,"column":28},"end":{"line":46,"column":51}}],"line":46}},"s":{"0":3,"1":3,"2":3,"3":3,"4":3,"5":3,"6":3,"7":3,"8":3,"9":3,"10":3,"11":3,"12":3,"13":3,"14":3,"15":0,"16":3,"17":0,"18":3,"19":0,"20":0,"21":3},"f":{"0":0,"1":0,"2":0},"b":{"0":[0,0],"1":[0,0]},"_coverageSchema":"1a1c01bbd47fc00a2c39e90264f33305004495a9","hash":"85778b8442d40fddb64d6659d4d577de466fe6d2"}
,"C:\\Users\\noura\\Documents\\GitHub\\Bookstore-API-FS-Intern\\src\\config\\jwt.js": {"path":"C:\\Users\\noura\\Documents\\GitHub\\Bookstore-API-FS-Intern\\src\\config\\jwt.js","statementMap":{"0":{"start":{"line":1,"column":12},"end":{"line":1,"column":35}},"1":{"start":{"line":4,"column":18},"end":{"line":4,"column":32}},"2":{"start":{"line":6,"column":20},"end":{"line":6,"column":42}},"3":{"start":{"line":8,"column":16},"end":{"line":8,"column":65}},"4":{"start":{"line":10,"column":2},"end":{"line":10,"column":15}},"5":{"start":{"line":13,"column":0},"end":{"line":13,"column":31}}},"fnMap":{"0":{"name":"generateToken","decl":{"start":{"line":3,"column":9},"end":{"line":3,"column":22}},"loc":{"start":{"line":3,"column":31},"end":{"line":11,"column":1}},"line":3}},"branchMap":{},"s":{"0":3,"1":34,"2":34,"3":34,"4":0,"5":3},"f":{"0":34},"b":{},"_coverageSchema":"1a1c01bbd47fc00a2c39e90264f33305004495a9","hash":"28b794df3649c39aa3464b324eacd89b2e772c9c"}
,"C:\\Users\\noura\\Documents\\GitHub\\Bookstore-API-FS-Intern\\src\\config\\swagger.js": {"path":"C:\\Users\\noura\\Documents\\GitHub\\Bookstore-API-FS-Intern\\src\\config\\swagger.js","statementMap":{"0":{"start":{"line":1,"column":21},"end":{"line":1,"column":45}},"1":{"start":{"line":3,"column":16},"end":{"line":38,"column":1}},"2":{"start":{"line":40,"column":20},"end":{"line":40,"column":41}},"3":{"start":{"line":42,"column":0},"end":{"line":42,"column":29}}},"fnMap":{},"branchMap":{},"s":{"0":3,"1":3,"2":3,"3":3},"f":{},"b":{},"_coverageSchema":"1a1c01bbd47fc00a2c39e90264f33305004495a9","hash":"b2d4ad8ad42fc5a40d06d9d334071ed59c5d76f8"}
,"C:\\Users\\noura\\Documents\\GitHub\\Bookstore-API-FS-Intern\\src\\controllers\\authController.js": {"path":"C:\\Users\\noura\\Documents\\GitHub\\Bookstore-API-FS-Intern\\src\\controllers\\authController.js","statementMap":{"0":{"start":{"line":1,"column":13},"end":{"line":1,"column":38}},"1":{"start":{"line":2,"column":22},"end":{"line":2,"column":46}},"2":{"start":{"line":4,"column":17},"end":{"line":51,"column":1}},"3":{"start":{"line":5,"column":2},"end":{"line":50,"column":3}},"4":{"start":{"line":6,"column":43},"end":{"line":6,"column":51}},"5":{"start":{"line":8,"column":4},"end":{"line":13,"column":5}},"6":{"start":{"line":9,"column":6},"end":{"line":12,"column":9}},"7":{"start":{"line":15,"column":23},"end":{"line":15,"column":52}},"8":{"start":{"line":16,"column":4},"end":{"line":21,"column":5}},"9":{"start":{"line":17,"column":6},"end":{"line":20,"column":9}},"10":{"start":{"line":23,"column":17},"end":{"line":28,"column":6}},"11":{"start":{"line":30,"column":18},"end":{"line":30,"column":41}},"12":{"start":{"line":32,"column":4},"end":{"line":43,"column":7}},"13":{"start":{"line":45,"column":4},"end":{"line":45,"column":44}},"14":{"start":{"line":46,"column":4},"end":{"line":49,"column":7}},"15":{"start":{"line":53,"column":14},"end":{"line":103,"column":1}},"16":{"start":{"line":54,"column":2},"end":{"line":102,"column":3}},"17":{"start":{"line":55,"column":32},"end":{"line":55,"column":40}},"18":{"start":{"line":57,"column":4},"end":{"line":62,"column":5}},"19":{"start":{"line":58,"column":6},"end":{"line":61,"column":9}},"20":{"start":{"line":64,"column":17},"end":{"line":64,"column":66}},"21":{"start":{"line":66,"column":4},"end":{"line":71,"column":5}},"22":{"start":{"line":67,"column":6},"end":{"line":70,"column":9}},"23":{"start":{"line":73,"column":30},"end":{"line":73,"column":66}},"24":{"start":{"line":75,"column":4},"end":{"line":80,"column":5}},"25":{"start":{"line":76,"column":6},"end":{"line":79,"column":9}},"26":{"start":{"line":82,"column":18},"end":{"line":82,"column":41}},"27":{"start":{"line":84,"column":4},"end":{"line":95,"column":7}},"28":{"start":{"line":97,"column":4},"end":{"line":97,"column":41}},"29":{"start":{"line":98,"column":4},"end":{"line":101,"column":7}},"30":{"start":{"line":105,"column":15},"end":{"line":118,"column":1}},"31":{"start":{"line":106,"column":2},"end":{"line":117,"column":3}},"32":{"start":{"line":107,"column":4},"end":{"line":110,"column":7}},"33":{"start":{"line":112,"column":4},"end":{"line":112,"column":42}},"34":{"start":{"line":113,"column":4},"end":{"line":116,"column":7}},"35":{"start":{"line":120,"column":0},"end":{"line":124,"column":2}}},"fnMap":{"0":{"name":"(anonymous_0)","decl":{"start":{"line":4,"column":17},"end":{"line":4,"column":18}},"loc":{"start":{"line":4,"column":37},"end":{"line":51,"column":1}},"line":4},"1":{"name":"(anonymous_1)","decl":{"start":{"line":53,"column":14},"end":{"line":53,"column":15}},"loc":{"start":{"line":53,"column":34},"end":{"line":103,"column":1}},"line":53},"2":{"name":"(anonymous_2)","decl":{"start":{"line":105,"column":15},"end":{"line":105,"column":16}},"loc":{"start":{"line":105,"column":35},"end":{"line":118,"column":1}},"line":105}},"branchMap":{"0":{"loc":{"start":{"line":8,"column":4},"end":{"line":13,"column":5}},"type":"if","locations":[{"start":{"line":8,"column":4},"end":{"line":13,"column":5}},{"start":{},"end":{}}],"line":8},"1":{"loc":{"start":{"line":8,"column":8},"end":{"line":8,"column":44}},"type":"binary-expr","locations":[{"start":{"line":8,"column":8},"end":{"line":8,"column":13}},{"start":{"line":8,"column":17},"end":{"line":8,"column":23}},{"start":{"line":8,"column":27},"end":{"line":8,"column":36}},{"start":{"line":8,"column":40},"end":{"line":8,"column":44}}],"line":8},"2":{"loc":{"start":{"line":16,"column":4},"end":{"line":21,"column":5}},"type":"if","locations":[{"start":{"line":16,"column":4},"end":{"line":21,"column":5}},{"start":{},"end":{}}],"line":16},"3":{"loc":{"start":{"line":57,"column":4},"end":{"line":62,"column":5}},"type":"if","locations":[{"start":{"line":57,"column":4},"end":{"line":62,"column":5}},{"start":{},"end":{}}],"line":57},"4":{"loc":{"start":{"line":57,"column":8},"end":{"line":57,"column":27}},"type":"binary-expr","locations":[{"start":{"line":57,"column":8},"end":{"line":57,"column":14}},{"start":{"line":57,"column":18},"end":{"line":57,"column":27}}],"line":57},"5":{"loc":{"start":{"line":66,"column":4},"end":{"line":71,"column":5}},"type":"if","locations":[{"start":{"line":66,"column":4},"end":{"line":71,"column":5}},{"start":{},"end":{}}],"line":66},"6":{"loc":{"start":{"line":75,"column":4},"end":{"line":80,"column":5}},"type":"if","locations":[{"start":{"line":75,"column":4},"end":{"line":80,"column":5}},{"start":{},"end":{}}],"line":75}},"s":{"0":3,"1":3,"2":3,"3":35,"4":35,"5":35,"6":1,"7":34,"8":34,"9":1,"10":33,"11":33,"12":0,"13":33,"14":33,"15":3,"16":4,"17":4,"18":4,"19":1,"20":3,"21":3,"22":1,"23":2,"24":2,"25":1,"26":1,"27":0,"28":1,"29":1,"30":3,"31":1,"32":1,"33":0,"34":0,"35":3},"f":{"0":35,"1":4,"2":1},"b":{"0":[1,34],"1":[35,34,34,34],"2":[1,33],"3":[1,3],"4":[4,4],"5":[1,2],"6":[1,1]},"_coverageSchema":"1a1c01bbd47fc00a2c39e90264f33305004495a9","hash":"50f37946c42942d4ad4da58c3d6b740192d56dd5"}
,"C:\\Users\\noura\\Documents\\GitHub\\Bookstore-API-FS-Intern\\src\\controllers\\bookController.js": {"path":"C:\\Users\\noura\\Documents\\GitHub\\Bookstore-API-FS-Intern\\src\\controllers\\bookController.js","statementMap":{"0":{"start":{"line":1,"column":13},"end":{"line":1,"column":38}},"1":{"start":{"line":2,"column":13},"end":{"line":2,"column":38}},"2":{"start":{"line":4,"column":19},"end":{"line":40,"column":1}},"3":{"start":{"line":5,"column":2},"end":{"line":39,"column":3}},"4":{"start":{"line":6,"column":43},"end":{"line":6,"column":51}},"5":{"start":{"line":8,"column":4},"end":{"line":13,"column":5}},"6":{"start":{"line":9,"column":6},"end":{"line":12,"column":9}},"7":{"start":{"line":15,"column":4},"end":{"line":20,"column":5}},"8":{"start":{"line":16,"column":6},"end":{"line":19,"column":9}},"9":{"start":{"line":22,"column":17},"end":{"line":27,"column":6}},"10":{"start":{"line":29,"column":4},"end":{"line":32,"column":7}},"11":{"start":{"line":34,"column":4},"end":{"line":34,"column":47}},"12":{"start":{"line":35,"column":4},"end":{"line":38,"column":7}},"13":{"start":{"line":42,"column":20},"end":{"line":58,"column":1}},"14":{"start":{"line":43,"column":2},"end":{"line":57,"column":3}},"15":{"start":{"line":44,"column":18},"end":{"line":44,"column":71}},"16":{"start":{"line":46,"column":4},"end":{"line":50,"column":7}},"17":{"start":{"line":52,"column":4},"end":{"line":52,"column":49}},"18":{"start":{"line":53,"column":4},"end":{"line":56,"column":7}},"19":{"start":{"line":60,"column":16},"end":{"line":85,"column":1}},"20":{"start":{"line":61,"column":2},"end":{"line":84,"column":3}},"21":{"start":{"line":62,"column":17},"end":{"line":65,"column":5}},"22":{"start":{"line":67,"column":4},"end":{"line":72,"column":5}},"23":{"start":{"line":68,"column":6},"end":{"line":71,"column":9}},"24":{"start":{"line":74,"column":4},"end":{"line":77,"column":7}},"25":{"start":{"line":79,"column":4},"end":{"line":79,"column":44}},"26":{"start":{"line":80,"column":4},"end":{"line":83,"column":7}},"27":{"start":{"line":87,"column":19},"end":{"line":134,"column":1}},"28":{"start":{"line":88,"column":2},"end":{"line":133,"column":3}},"29":{"start":{"line":89,"column":43},"end":{"line":89,"column":51}},"30":{"start":{"line":91,"column":17},"end":{"line":91,"column":51}},"31":{"start":{"line":93,"column":4},"end":{"line":98,"column":5}},"32":{"start":{"line":94,"column":6},"end":{"line":97,"column":9}},"33":{"start":{"line":100,"column":4},"end":{"line":108,"column":5}},"34":{"start":{"line":104,"column":6},"end":{"line":107,"column":9}},"35":{"start":{"line":110,"column":4},"end":{"line":115,"column":5}},"36":{"start":{"line":111,"column":6},"end":{"line":114,"column":9}},"37":{"start":{"line":117,"column":4},"end":{"line":117,"column":34}},"38":{"start":{"line":117,"column":15},"end":{"line":117,"column":34}},"39":{"start":{"line":118,"column":4},"end":{"line":118,"column":52}},"40":{"start":{"line":118,"column":21},"end":{"line":118,"column":52}},"41":{"start":{"line":119,"column":4},"end":{"line":119,"column":51}},"42":{"start":{"line":119,"column":30},"end":{"line":119,"column":51}},"43":{"start":{"line":121,"column":4},"end":{"line":121,"column":22}},"44":{"start":{"line":123,"column":4},"end":{"line":126,"column":7}},"45":{"start":{"line":128,"column":4},"end":{"line":128,"column":47}},"46":{"start":{"line":129,"column":4},"end":{"line":132,"column":7}},"47":{"start":{"line":136,"column":19},"end":{"line":170,"column":1}},"48":{"start":{"line":137,"column":2},"end":{"line":169,"column":3}},"49":{"start":{"line":138,"column":17},"end":{"line":138,"column":51}},"50":{"start":{"line":140,"column":4},"end":{"line":145,"column":5}},"51":{"start":{"line":141,"column":6},"end":{"line":144,"column":9}},"52":{"start":{"line":147,"column":4},"end":{"line":155,"column":5}},"53":{"start":{"line":151,"column":6},"end":{"line":154,"column":9}},"54":{"start":{"line":157,"column":4},"end":{"line":157,"column":48}},"55":{"start":{"line":159,"column":4},"end":{"line":162,"column":7}},"56":{"start":{"line":164,"column":4},"end":{"line":164,"column":47}},"57":{"start":{"line":165,"column":4},"end":{"line":168,"column":7}},"58":{"start":{"line":172,"column":16},"end":{"line":227,"column":1}},"59":{"start":{"line":173,"column":2},"end":{"line":226,"column":3}},"60":{"start":{"line":175,"column":17},"end":{"line":175,"column":51}},"61":{"start":{"line":177,"column":4},"end":{"line":182,"column":5}},"62":{"start":{"line":178,"column":6},"end":{"line":181,"column":9}},"63":{"start":{"line":185,"column":4},"end":{"line":190,"column":5}},"64":{"start":{"line":186,"column":6},"end":{"line":189,"column":9}},"65":{"start":{"line":192,"column":4},"end":{"line":197,"column":5}},"66":{"start":{"line":193,"column":6},"end":{"line":196,"column":9}},"67":{"start":{"line":199,"column":4},"end":{"line":199,"column":21}},"68":{"start":{"line":200,"column":4},"end":{"line":200,"column":22}},"69":{"start":{"line":202,"column":17},"end":{"line":202,"column":50}},"70":{"start":{"line":203,"column":4},"end":{"line":203,"column":34}},"71":{"start":{"line":204,"column":4},"end":{"line":204,"column":22}},"72":{"start":{"line":206,"column":4},"end":{"line":219,"column":7}},"73":{"start":{"line":221,"column":4},"end":{"line":221,"column":44}},"74":{"start":{"line":222,"column":4},"end":{"line":225,"column":7}},"75":{"start":{"line":229,"column":0},"end":{"line":236,"column":2}}},"fnMap":{"0":{"name":"(anonymous_0)","decl":{"start":{"line":4,"column":19},"end":{"line":4,"column":20}},"loc":{"start":{"line":4,"column":39},"end":{"line":40,"column":1}},"line":4},"1":{"name":"(anonymous_1)","decl":{"start":{"line":42,"column":20},"end":{"line":42,"column":21}},"loc":{"start":{"line":42,"column":40},"end":{"line":58,"column":1}},"line":42},"2":{"name":"(anonymous_2)","decl":{"start":{"line":60,"column":16},"end":{"line":60,"column":17}},"loc":{"start":{"line":60,"column":36},"end":{"line":85,"column":1}},"line":60},"3":{"name":"(anonymous_3)","decl":{"start":{"line":87,"column":19},"end":{"line":87,"column":20}},"loc":{"start":{"line":87,"column":39},"end":{"line":134,"column":1}},"line":87},"4":{"name":"(anonymous_4)","decl":{"start":{"line":136,"column":19},"end":{"line":136,"column":20}},"loc":{"start":{"line":136,"column":39},"end":{"line":170,"column":1}},"line":136},"5":{"name":"(anonymous_5)","decl":{"start":{"line":172,"column":16},"end":{"line":172,"column":17}},"loc":{"start":{"line":172,"column":36},"end":{"line":227,"column":1}},"line":172}},"branchMap":{"0":{"loc":{"start":{"line":8,"column":4},"end":{"line":13,"column":5}},"type":"if","locations":[{"start":{"line":8,"column":4},"end":{"line":13,"column":5}},{"start":{},"end":{}}],"line":8},"1":{"loc":{"start":{"line":8,"column":8},"end":{"line":8,"column":54}},"type":"binary-expr","locations":[{"start":{"line":8,"column":8},"end":{"line":8,"column":14}},{"start":{"line":8,"column":18},"end":{"line":8,"column":30}},{"start":{"line":8,"column":34},"end":{"line":8,"column":54}}],"line":8},"2":{"loc":{"start":{"line":15,"column":4},"end":{"line":20,"column":5}},"type":"if","locations":[{"start":{"line":15,"column":4},"end":{"line":20,"column":5}},{"start":{},"end":{}}],"line":15},"3":{"loc":{"start":{"line":67,"column":4},"end":{"line":72,"column":5}},"type":"if","locations":[{"start":{"line":67,"column":4},"end":{"line":72,"column":5}},{"start":{},"end":{}}],"line":67},"4":{"loc":{"start":{"line":93,"column":4},"end":{"line":98,"column":5}},"type":"if","locations":[{"start":{"line":93,"column":4},"end":{"line":98,"column":5}},{"start":{},"end":{}}],"line":93},"5":{"loc":{"start":{"line":100,"column":4},"end":{"line":108,"column":5}},"type":"if","locations":[{"start":{"line":100,"column":4},"end":{"line":108,"column":5}},{"start":{},"end":{}}],"line":100},"6":{"loc":{"start":{"line":101,"column":6},"end":{"line":102,"column":31}},"type":"binary-expr","locations":[{"start":{"line":101,"column":6},"end":{"line":101,"column":59}},{"start":{"line":102,"column":6},"end":{"line":102,"column":31}}],"line":101},"7":{"loc":{"start":{"line":110,"column":4},"end":{"line":115,"column":5}},"type":"if","locations":[{"start":{"line":110,"column":4},"end":{"line":115,"column":5}},{"start":{},"end":{}}],"line":110},"8":{"loc":{"start":{"line":110,"column":8},"end":{"line":110,"column":42}},"type":"binary-expr","locations":[{"start":{"line":110,"column":8},"end":{"line":110,"column":28}},{"start":{"line":110,"column":32},"end":{"line":110,"column":42}}],"line":110},"9":{"loc":{"start":{"line":117,"column":4},"end":{"line":117,"column":34}},"type":"if","locations":[{"start":{"line":117,"column":4},"end":{"line":117,"column":34}},{"start":{},"end":{}}],"line":117},"10":{"loc":{"start":{"line":118,"column":4},"end":{"line":118,"column":52}},"type":"if","locations":[{"start":{"line":118,"column":4},"end":{"line":118,"column":52}},{"start":{},"end":{}}],"line":118},"11":{"loc":{"start":{"line":119,"column":4},"end":{"line":119,"column":51}},"type":"if","locations":[{"start":{"line":119,"column":4},"end":{"line":119,"column":51}},{"start":{},"end":{}}],"line":119},"12":{"loc":{"start":{"line":140,"column":4},"end":{"line":145,"column":5}},"type":"if","locations":[{"start":{"line":140,"column":4},"end":{"line":145,"column":5}},{"start":{},"end":{}}],"line":140},"13":{"loc":{"start":{"line":147,"column":4},"end":{"line":155,"column":5}},"type":"if","locations":[{"start":{"line":147,"column":4},"end":{"line":155,"column":5}},{"start":{},"end":{}}],"line":147},"14":{"loc":{"start":{"line":148,"column":6},"end":{"line":149,"column":31}},"type":"binary-expr","locations":[{"start":{"line":148,"column":6},"end":{"line":148,"column":59}},{"start":{"line":149,"column":6},"end":{"line":149,"column":31}}],"line":148},"15":{"loc":{"start":{"line":177,"column":4},"end":{"line":182,"column":5}},"type":"if","locations":[{"start":{"line":177,"column":4},"end":{"line":182,"column":5}},{"start":{},"end":{}}],"line":177},"16":{"loc":{"start":{"line":185,"column":4},"end":{"line":190,"column":5}},"type":"if","locations":[{"start":{"line":185,"column":4},"end":{"line":190,"column":5}},{"start":{},"end":{}}],"line":185},"17":{"loc":{"start":{"line":192,"column":4},"end":{"line":197,"column":5}},"type":"if","locations":[{"start":{"line":192,"column":4},"end":{"line":197,"column":5}},{"start":{},"end":{}}],"line":192}},"s":{"0":3,"1":3,"2":3,"3":0,"4":0,"5":0,"6":0,"7":0,"8":0,"9":0,"10":0,"11":0,"12":0,"13":3,"14":0,"15":0,"16":0,"17":0,"18":0,"19":3,"20":0,"21":0,"22":0,"23":0,"24":0,"25":0,"26":0,"27":3,"28":0,"29":0,"30":0,"31":0,"32":0,"33":0,"34":0,"35":0,"36":0,"37":0,"38":0,"39":0,"40":0,"41":0,"42":0,"43":0,"44":0,"45":0,"46":0,"47":3,"48":0,"49":0,"50":0,"51":0,"52":0,"53":0,"54":0,"55":0,"56":0,"57":0,"58":3,"59":0,"60":0,"61":0,"62":0,"63":0,"64":0,"65":0,"66":0,"67":0,"68":0,"69":0,"70":0,"71":0,"72":0,"73":0,"74":0,"75":3},"f":{"0":0,"1":0,"2":0,"3":0,"4":0,"5":0},"b":{"0":[0,0],"1":[0,0,0],"2":[0,0],"3":[0,0],"4":[0,0],"5":[0,0],"6":[0,0],"7":[0,0],"8":[0,0],"9":[0,0],"10":[0,0],"11":[0,0],"12":[0,0],"13":[0,0],"14":[0,0],"15":[0,0],"16":[0,0],"17":[0,0]},"_coverageSchema":"1a1c01bbd47fc00a2c39e90264f33305004495a9","hash":"038d7d5cfd20b31847b15b57c17ff5f6326b369a"}
,"C:\\Users\\noura\\Documents\\GitHub\\Bookstore-API-FS-Intern\\src\\controllers\\userController.js": {"path":"C:\\Users\\noura\\Documents\\GitHub\\Bookstore-API-FS-Intern\\src\\controllers\\userController.js","statementMap":{"0":{"start":{"line":1,"column":13},"end":{"line":1,"column":38}},"1":{"start":{"line":3,"column":20},"end":{"line":26,"column":1}},"2":{"start":{"line":4,"column":2},"end":{"line":25,"column":3}},"3":{"start":{"line":5,"column":4},"end":{"line":10,"column":5}},"4":{"start":{"line":6,"column":6},"end":{"line":9,"column":9}},"5":{"start":{"line":12,"column":18},"end":{"line":12,"column":55}},"6":{"start":{"line":14,"column":4},"end":{"line":18,"column":7}},"7":{"start":{"line":20,"column":4},"end":{"line":20,"column":49}},"8":{"start":{"line":21,"column":4},"end":{"line":24,"column":7}},"9":{"start":{"line":28,"column":16},"end":{"line":57,"column":1}},"10":{"start":{"line":29,"column":2},"end":{"line":56,"column":3}},"11":{"start":{"line":30,"column":4},"end":{"line":35,"column":5}},"12":{"start":{"line":31,"column":6},"end":{"line":34,"column":9}},"13":{"start":{"line":37,"column":17},"end":{"line":37,"column":71}},"14":{"start":{"line":39,"column":4},"end":{"line":44,"column":5}},"15":{"start":{"line":40,"column":6},"end":{"line":43,"column":9}},"16":{"start":{"line":46,"column":4},"end":{"line":49,"column":7}},"17":{"start":{"line":51,"column":4},"end":{"line":51,"column":44}},"18":{"start":{"line":52,"column":4},"end":{"line":55,"column":7}},"19":{"start":{"line":59,"column":19},"end":{"line":109,"column":1}},"20":{"start":{"line":60,"column":2},"end":{"line":108,"column":3}},"21":{"start":{"line":61,"column":33},"end":{"line":61,"column":41}},"22":{"start":{"line":64,"column":15},"end":{"line":64,"column":49}},"23":{"start":{"line":66,"column":4},"end":{"line":71,"column":5}},"24":{"start":{"line":67,"column":6},"end":{"line":70,"column":9}},"25":{"start":{"line":74,"column":4},"end":{"line":82,"column":5}},"26":{"start":{"line":78,"column":6},"end":{"line":81,"column":9}},"27":{"start":{"line":85,"column":4},"end":{"line":85,"column":31}},"28":{"start":{"line":85,"column":14},"end":{"line":85,"column":31}},"29":{"start":{"line":86,"column":4},"end":{"line":86,"column":28}},"30":{"start":{"line":86,"column":13},"end":{"line":86,"column":28}},"31":{"start":{"line":87,"column":4},"end":{"line":87,"column":34}},"32":{"start":{"line":87,"column":15},"end":{"line":87,"column":34}},"33":{"start":{"line":89,"column":4},"end":{"line":89,"column":22}},"34":{"start":{"line":91,"column":4},"end":{"line":101,"column":7}},"35":{"start":{"line":103,"column":4},"end":{"line":103,"column":47}},"36":{"start":{"line":104,"column":4},"end":{"line":107,"column":7}},"37":{"start":{"line":111,"column":19},"end":{"line":142,"column":1}},"38":{"start":{"line":112,"column":2},"end":{"line":141,"column":3}},"39":{"start":{"line":114,"column":4},"end":{"line":119,"column":5}},"40":{"start":{"line":115,"column":6},"end":{"line":118,"column":9}},"41":{"start":{"line":120,"column":17},"end":{"line":120,"column":51}},"42":{"start":{"line":122,"column":4},"end":{"line":127,"column":5}},"43":{"start":{"line":123,"column":6},"end":{"line":126,"column":9}},"44":{"start":{"line":129,"column":4},"end":{"line":129,"column":48}},"45":{"start":{"line":131,"column":4},"end":{"line":134,"column":7}},"46":{"start":{"line":136,"column":4},"end":{"line":136,"column":47}},"47":{"start":{"line":137,"column":4},"end":{"line":140,"column":7}},"48":{"start":{"line":144,"column":14},"end":{"line":159,"column":1}},"49":{"start":{"line":145,"column":2},"end":{"line":158,"column":3}},"50":{"start":{"line":146,"column":17},"end":{"line":146,"column":70}},"51":{"start":{"line":148,"column":4},"end":{"line":151,"column":7}},"52":{"start":{"line":153,"column":4},"end":{"line":153,"column":42}},"53":{"start":{"line":154,"column":4},"end":{"line":157,"column":7}},"54":{"start":{"line":161,"column":0},"end":{"line":167,"column":2}}},"fnMap":{"0":{"name":"(anonymous_0)","decl":{"start":{"line":3,"column":20},"end":{"line":3,"column":21}},"loc":{"start":{"line":3,"column":40},"end":{"line":26,"column":1}},"line":3},"1":{"name":"(anonymous_1)","decl":{"start":{"line":28,"column":16},"end":{"line":28,"column":17}},"loc":{"start":{"line":28,"column":36},"end":{"line":57,"column":1}},"line":28},"2":{"name":"(anonymous_2)","decl":{"start":{"line":59,"column":19},"end":{"line":59,"column":20}},"loc":{"start":{"line":59,"column":39},"end":{"line":109,"column":1}},"line":59},"3":{"name":"(anonymous_3)","decl":{"start":{"line":111,"column":19},"end":{"line":111,"column":20}},"loc":{"start":{"line":111,"column":39},"end":{"line":142,"column":1}},"line":111},"4":{"name":"(anonymous_4)","decl":{"start":{"line":144,"column":14},"end":{"line":144,"column":15}},"loc":{"start":{"line":144,"column":34},"end":{"line":159,"column":1}},"line":144}},"branchMap":{"0":{"loc":{"start":{"line":5,"column":4},"end":{"line":10,"column":5}},"type":"if","locations":[{"start":{"line":5,"column":4},"end":{"line":10,"column":5}},{"start":{},"end":{}}],"line":5},"1":{"loc":{"start":{"line":30,"column":4},"end":{"line":35,"column":5}},"type":"if","locations":[{"start":{"line":30,"column":4},"end":{"line":35,"column":5}},{"start":{},"end":{}}],"line":30},"2":{"loc":{"start":{"line":39,"column":4},"end":{"line":44,"column":5}},"type":"if","locations":[{"start":{"line":39,"column":4},"end":{"line":44,"column":5}},{"start":{},"end":{}}],"line":39},"3":{"loc":{"start":{"line":66,"column":4},"end":{"line":71,"column":5}},"type":"if","locations":[{"start":{"line":66,"column":4},"end":{"line":71,"column":5}},{"start":{},"end":{}}],"line":66},"4":{"loc":{"start":{"line":74,"column":4},"end":{"line":82,"column":5}},"type":"if","locations":[{"start":{"line":74,"column":4},"end":{"line":82,"column":5}},{"start":{},"end":{}}],"line":74},"5":{"loc":{"start":{"line":75,"column":6},"end":{"line":76,"column":31}},"type":"binary-expr","locations":[{"start":{"line":75,"column":6},"end":{"line":75,"column":47}},{"start":{"line":76,"column":6},"end":{"line":76,"column":31}}],"line":75},"6":{"loc":{"start":{"line":85,"column":4},"end":{"line":85,"column":31}},"type":"if","locations":[{"start":{"line":85,"column":4},"end":{"line":85,"column":31}},{"start":{},"end":{}}],"line":85},"7":{"loc":{"start":{"line":86,"column":4},"end":{"line":86,"column":28}},"type":"if","locations":[{"start":{"line":86,"column":4},"end":{"line":86,"column":28}},{"start":{},"end":{}}],"line":86},"8":{"loc":{"start":{"line":87,"column":4},"end":{"line":87,"column":34}},"type":"if","locations":[{"start":{"line":87,"column":4},"end":{"line":87,"column":34}},{"start":{},"end":{}}],"line":87},"9":{"loc":{"start":{"line":114,"column":4},"end":{"line":119,"column":5}},"type":"if","locations":[{"start":{"line":114,"column":4},"end":{"line":119,"column":5}},{"start":{},"end":{}}],"line":114},"10":{"loc":{"start":{"line":122,"column":4},"end":{"line":127,"column":5}},"type":"if","locations":[{"start":{"line":122,"column":4},"end":{"line":127,"column":5}},{"start":{},"end":{}}],"line":122}},"s":{"0":3,"1":3,"2":0,"3":0,"4":0,"5":0,"6":0,"7":0,"8":0,"9":3,"10":0,"11":0,"12":0,"13":0,"14":0,"15":0,"16":0,"17":0,"18":0,"19":3,"20":0,"21":0,"22":0,"23":0,"24":0,"25":0,"26":0,"27":0,"28":0,"29":0,"30":0,"31":0,"32":0,"33":0,"34":0,"35":0,"36":0,"37":3,"38":0,"39":0,"40":0,"41":0,"42":0,"43":0,"44":0,"45":0,"46":0,"47":0,"48":3,"49":0,"50":0,"51":0,"52":0,"53":0,"54":3},"f":{"0":0,"1":0,"2":0,"3":0,"4":0},"b":{"0":[0,0],"1":[0,0],"2":[0,0],"3":[0,0],"4":[0,0],"5":[0,0],"6":[0,0],"7":[0,0],"8":[0,0],"9":[0,0],"10":[0,0]},"_coverageSchema":"1a1c01bbd47fc00a2c39e90264f33305004495a9","hash":"e28e45e3b3f49cf6e06857fe6827dcc8ce10485c"}
,"C:\\Users\\noura\\Documents\\GitHub\\Bookstore-API-FS-Intern\\src\\middleware\\auth.js": {"path":"C:\\Users\\noura\\Documents\\GitHub\\Bookstore-API-FS-Intern\\src\\middleware\\auth.js","statementMap":{"0":{"start":{"line":1,"column":12},"end":{"line":1,"column":35}},"1":{"start":{"line":2,"column":13},"end":{"line":2,"column":38}},"2":{"start":{"line":5,"column":16},"end":{"line":43,"column":1}},"3":{"start":{"line":6,"column":2},"end":{"line":42,"column":3}},"4":{"start":{"line":10,"column":4},"end":{"line":15,"column":5}},"5":{"start":{"line":14,"column":6},"end":{"line":14,"column":54}},"6":{"start":{"line":17,"column":4},"end":{"line":22,"column":5}},"7":{"start":{"line":18,"column":6},"end":{"line":21,"column":9}},"8":{"start":{"line":24,"column":20},"end":{"line":24,"column":61}},"9":{"start":{"line":26,"column":4},"end":{"line":26,"column":67}},"10":{"start":{"line":28,"column":4},"end":{"line":33,"column":5}},"11":{"start":{"line":29,"column":6},"end":{"line":32,"column":9}},"12":{"start":{"line":35,"column":4},"end":{"line":35,"column":11}},"13":{"start":{"line":37,"column":4},"end":{"line":37,"column":51}},"14":{"start":{"line":38,"column":4},"end":{"line":41,"column":7}},"15":{"start":{"line":45,"column":0},"end":{"line":45,"column":29}}},"fnMap":{"0":{"name":"(anonymous_0)","decl":{"start":{"line":5,"column":16},"end":{"line":5,"column":17}},"loc":{"start":{"line":5,"column":42},"end":{"line":43,"column":1}},"line":5}},"branchMap":{"0":{"loc":{"start":{"line":10,"column":4},"end":{"line":15,"column":5}},"type":"if","locations":[{"start":{"line":10,"column":4},"end":{"line":15,"column":5}},{"start":{},"end":{}}],"line":10},"1":{"loc":{"start":{"line":11,"column":6},"end":{"line":12,"column":52}},"type":"binary-expr","locations":[{"start":{"line":11,"column":6},"end":{"line":11,"column":31}},{"start":{"line":12,"column":6},"end":{"line":12,"column":52}}],"line":11},"2":{"loc":{"start":{"line":17,"column":4},"end":{"line":22,"column":5}},"type":"if","locations":[{"start":{"line":17,"column":4},"end":{"line":22,"column":5}},{"start":{},"end":{}}],"line":17},"3":{"loc":{"start":{"line":28,"column":4},"end":{"line":33,"column":5}},"type":"if","locations":[{"start":{"line":28,"column":4},"end":{"line":33,"column":5}},{"start":{},"end":{}}],"line":28}},"s":{"0":3,"1":3,"2":3,"3":0,"4":0,"5":0,"6":0,"7":0,"8":0,"9":0,"10":0,"11":0,"12":0,"13":0,"14":0,"15":3},"f":{"0":0},"b":{"0":[0,0],"1":[0,0],"2":[0,0],"3":[0,0]},"_coverageSchema":"1a1c01bbd47fc00a2c39e90264f33305004495a9","hash":"bff206b1f52cd9fe8529d1cce3513c57415e7acd"}
,"C:\\Users\\noura\\Documents\\GitHub\\Bookstore-API-FS-Intern\\src\\models\\Book.js": {"path":"C:\\Users\\noura\\Documents\\GitHub\\Bookstore-API-FS-Intern\\src\\models\\Book.js","statementMap":{"0":{"start":{"line":1,"column":26},"end":{"line":1,"column":45}},"1":{"start":{"line":3,"column":19},"end":{"line":15,"column":1}},"2":{"start":{"line":17,"column":0},"end":{"line":17,"column":43}}},"fnMap":{},"branchMap":{},"s":{"0":3,"1":3,"2":3},"f":{},"b":{},"_coverageSchema":"1a1c01bbd47fc00a2c39e90264f33305004495a9","hash":"2292e656ae61fe89da517b635c570543387a0887"}
,"C:\\Users\\noura\\Documents\\GitHub\\Bookstore-API-FS-Intern\\src\\models\\User.js": {"path":"C:\\Users\\noura\\Documents\\GitHub\\Bookstore-API-FS-Intern\\src\\models\\User.js","statementMap":{"0":{"start":{"line":1,"column":26},"end":{"line":1,"column":45}},"1":{"start":{"line":2,"column":15},"end":{"line":2,"column":34}},"2":{"start":{"line":4,"column":19},"end":{"line":14,"column":1}},"3":{"start":{"line":17,"column":0},"end":{"line":30,"column":3}},"4":{"start":{"line":19,"column":2},"end":{"line":21,"column":3}},"5":{"start":{"line":20,"column":4},"end":{"line":20,"column":18}},"6":{"start":{"line":23,"column":2},"end":{"line":29,"column":3}},"7":{"start":{"line":24,"column":17},"end":{"line":24,"column":41}},"8":{"start":{"line":25,"column":4},"end":{"line":25,"column":59}},"9":{"start":{"line":26,"column":4},"end":{"line":26,"column":11}},"10":{"start":{"line":28,"column":4},"end":{"line":28,"column":14}},"11":{"start":{"line":33,"column":0},"end":{"line":35,"column":2}},"12":{"start":{"line":34,"column":2},"end":{"line":34,"column":62}},"13":{"start":{"line":37,"column":0},"end":{"line":37,"column":43}}},"fnMap":{"0":{"name":"(anonymous_0)","decl":{"start":{"line":17,"column":23},"end":{"line":17,"column":24}},"loc":{"start":{"line":17,"column":45},"end":{"line":30,"column":1}},"line":17},"1":{"name":"(anonymous_1)","decl":{"start":{"line":33,"column":37},"end":{"line":33,"column":38}},"loc":{"start":{"line":33,"column":70},"end":{"line":35,"column":1}},"line":33}},"branchMap":{"0":{"loc":{"start":{"line":19,"column":2},"end":{"line":21,"column":3}},"type":"if","locations":[{"start":{"line":19,"column":2},"end":{"line":21,"column":3}},{"start":{},"end":{}}],"line":19}},"s":{"0":3,"1":3,"2":3,"3":3,"4":33,"5":0,"6":33,"7":33,"8":33,"9":33,"10":0,"11":3,"12":2,"13":3},"f":{"0":33,"1":2},"b":{"0":[0,33]},"_coverageSchema":"1a1c01bbd47fc00a2c39e90264f33305004495a9","hash":"33697c13f93b56c841e202449e85b671ffce9ce7"}
,"C:\\Users\\noura\\Documents\\GitHub\\Bookstore-API-FS-Intern\\src\\routes\\authRoutes.js": {"path":"C:\\Users\\noura\\Documents\\GitHub\\Bookstore-API-FS-Intern\\src\\routes\\authRoutes.js","statementMap":{"0":{"start":{"line":1,"column":16},"end":{"line":1,"column":34}},"1":{"start":{"line":2,"column":15},"end":{"line":2,"column":31}},"2":{"start":{"line":3,"column":36},"end":{"line":3,"column":76}},"3":{"start":{"line":56,"column":0},"end":{"line":56,"column":35}},"4":{"start":{"line":97,"column":0},"end":{"line":97,"column":29}},"5":{"start":{"line":109,"column":0},"end":{"line":109,"column":31}},"6":{"start":{"line":111,"column":0},"end":{"line":111,"column":24}}},"fnMap":{},"branchMap":{},"s":{"0":3,"1":3,"2":3,"3":3,"4":3,"5":3,"6":3},"f":{},"b":{},"_coverageSchema":"1a1c01bbd47fc00a2c39e90264f33305004495a9","hash":"cd4eb55f6ef2e056fe352b5c3b674b7e562a8ab2"}
,"C:\\Users\\noura\\Documents\\GitHub\\Bookstore-API-FS-Intern\\src\\routes\\bookRoutes.js": {"path":"C:\\Users\\noura\\Documents\\GitHub\\Bookstore-API-FS-Intern\\src\\routes\\bookRoutes.js","statementMap":{"0":{"start":{"line":1,"column":16},"end":{"line":1,"column":34}},"1":{"start":{"line":2,"column":15},"end":{"line":2,"column":31}},"2":{"start":{"line":10,"column":4},"end":{"line":10,"column":44}},"3":{"start":{"line":11,"column":20},"end":{"line":11,"column":49}},"4":{"start":{"line":34,"column":0},"end":{"line":34,"column":29}},"5":{"start":{"line":70,"column":0},"end":{"line":70,"column":38}},"6":{"start":{"line":91,"column":0},"end":{"line":91,"column":28}},"7":{"start":{"line":127,"column":0},"end":{"line":127,"column":40}},"8":{"start":{"line":150,"column":0},"end":{"line":150,"column":43}},"9":{"start":{"line":173,"column":0},"end":{"line":173,"column":42}},"10":{"start":{"line":175,"column":0},"end":{"line":175,"column":24}}},"fnMap":{},"branchMap":{},"s":{"0":3,"1":3,"2":3,"3":3,"4":3,"5":3,"6":3,"7":3,"8":3,"9":3,"10":3},"f":{},"b":{},"_coverageSchema":"1a1c01bbd47fc00a2c39e90264f33305004495a9","hash":"9c9e3e9e94deec8879bf13d777a851c1c9ecf851"}
,"C:\\Users\\noura\\Documents\\GitHub\\Bookstore-API-FS-Intern\\src\\routes\\userRoutes.js": {"path":"C:\\Users\\noura\\Documents\\GitHub\\Bookstore-API-FS-Intern\\src\\routes\\userRoutes.js","statementMap":{"0":{"start":{"line":1,"column":16},"end":{"line":1,"column":34}},"1":{"start":{"line":2,"column":15},"end":{"line":2,"column":31}},"2":{"start":{"line":9,"column":4},"end":{"line":9,"column":44}},"3":{"start":{"line":10,"column":20},"end":{"line":10,"column":49}},"4":{"start":{"line":24,"column":0},"end":{"line":24,"column":34}},"5":{"start":{"line":40,"column":0},"end":{"line":40,"column":38}},"6":{"start":{"line":63,"column":0},"end":{"line":63,"column":37}},"7":{"start":{"line":97,"column":0},"end":{"line":97,"column":40}},"8":{"start":{"line":120,"column":0},"end":{"line":120,"column":43}},"9":{"start":{"line":122,"column":0},"end":{"line":122,"column":24}}},"fnMap":{},"branchMap":{},"s":{"0":3,"1":3,"2":3,"3":3,"4":3,"5":3,"6":3,"7":3,"8":3,"9":3},"f":{},"b":{},"_coverageSchema":"1a1c01bbd47fc00a2c39e90264f33305004495a9","hash":"f966685176b35128488b3119993fecf1b15b5eba"}
}
