TN:
SF:__tests__\setup.js
FN:7,(anonymous_0)
FN:15,(anonymous_1)
FN:23,(anonymous_2)
FNF:3
FNH:3
FNDA:3,(anonymous_0)
FNDA:35,(anonymous_1)
FNDA:3,(anonymous_2)
DA:1,3
DA:2,3
DA:7,3
DA:8,3
DA:9,3
DA:11,3
DA:15,3
DA:16,35
DA:17,35
DA:18,70
DA:23,3
DA:24,3
DA:25,3
LF:13
LH:13
BRF:0
BRH:0
end_of_record
TN:
SF:src\app.js
FN:25,(anonymous_0)
FN:34,(anonymous_1)
FN:42,(anonymous_2)
FNF:3
FNH:0
FNDA:0,(anonymous_0)
FNDA:0,(anonymous_1)
FNDA:0,(anonymous_2)
DA:1,3
DA:2,3
DA:3,3
DA:4,3
DA:6,3
DA:9,3
DA:10,3
DA:13,3
DA:16,3
DA:17,3
DA:18,3
DA:20,3
DA:21,3
DA:22,3
DA:25,3
DA:26,0
DA:34,3
DA:35,0
DA:42,3
DA:43,0
DA:44,0
DA:50,3
LF:22
LH:18
BRDA:44,0,0,0
BRDA:44,0,1,0
BRDA:46,1,0,0
BRDA:46,1,1,0
BRF:4
BRH:0
end_of_record
TN:
SF:src\config\jwt.js
FN:3,generateToken
FNF:1
FNH:1
FNDA:34,generateToken
DA:1,3
DA:4,34
DA:6,34
DA:8,34
DA:10,0
DA:13,3
LF:6
LH:5
BRF:0
BRH:0
end_of_record
TN:
SF:src\config\swagger.js
FNF:0
FNH:0
DA:1,3
DA:3,3
DA:40,3
DA:42,3
LF:4
LH:4
BRF:0
BRH:0
end_of_record
TN:
SF:src\controllers\authController.js
FN:4,(anonymous_0)
FN:53,(anonymous_1)
FN:105,(anonymous_2)
FNF:3
FNH:3
FNDA:35,(anonymous_0)
FNDA:4,(anonymous_1)
FNDA:1,(anonymous_2)
DA:1,3
DA:2,3
DA:4,3
DA:5,35
DA:6,35
DA:8,35
DA:9,1
DA:15,34
DA:16,34
DA:17,1
DA:23,33
DA:30,33
DA:32,0
DA:45,33
DA:46,33
DA:53,3
DA:54,4
DA:55,4
DA:57,4
DA:58,1
DA:64,3
DA:66,3
DA:67,1
DA:73,2
DA:75,2
DA:76,1
DA:82,1
DA:84,0
DA:97,1
DA:98,1
DA:105,3
DA:106,1
DA:107,1
DA:112,0
DA:113,0
DA:120,3
LF:36
LH:32
BRDA:8,0,0,1
BRDA:8,0,1,34
BRDA:8,1,0,35
BRDA:8,1,1,34
BRDA:8,1,2,34
BRDA:8,1,3,34
BRDA:16,2,0,1
BRDA:16,2,1,33
BRDA:57,3,0,1
BRDA:57,3,1,3
BRDA:57,4,0,4
BRDA:57,4,1,4
BRDA:66,5,0,1
BRDA:66,5,1,2
BRDA:75,6,0,1
BRDA:75,6,1,1
BRF:16
BRH:16
end_of_record
TN:
SF:src\controllers\bookController.js
FN:4,(anonymous_0)
FN:42,(anonymous_1)
FN:60,(anonymous_2)
FN:87,(anonymous_3)
FN:136,(anonymous_4)
FN:172,(anonymous_5)
FNF:6
FNH:0
FNDA:0,(anonymous_0)
FNDA:0,(anonymous_1)
FNDA:0,(anonymous_2)
FNDA:0,(anonymous_3)
FNDA:0,(anonymous_4)
FNDA:0,(anonymous_5)
DA:1,3
DA:2,3
DA:4,3
DA:5,0
DA:6,0
DA:8,0
DA:9,0
DA:15,0
DA:16,0
DA:22,0
DA:29,0
DA:34,0
DA:35,0
DA:42,3
DA:43,0
DA:44,0
DA:46,0
DA:52,0
DA:53,0
DA:60,3
DA:61,0
DA:62,0
DA:67,0
DA:68,0
DA:74,0
DA:79,0
DA:80,0
DA:87,3
DA:88,0
DA:89,0
DA:91,0
DA:93,0
DA:94,0
DA:100,0
DA:104,0
DA:110,0
DA:111,0
DA:117,0
DA:118,0
DA:119,0
DA:121,0
DA:123,0
DA:128,0
DA:129,0
DA:136,3
DA:137,0
DA:138,0
DA:140,0
DA:141,0
DA:147,0
DA:151,0
DA:157,0
DA:159,0
DA:164,0
DA:165,0
DA:172,3
DA:173,0
DA:175,0
DA:177,0
DA:178,0
DA:185,0
DA:186,0
DA:192,0
DA:193,0
DA:199,0
DA:200,0
DA:202,0
DA:203,0
DA:204,0
DA:206,0
DA:221,0
DA:222,0
DA:229,3
LF:73
LH:9
BRDA:8,0,0,0
BRDA:8,0,1,0
BRDA:8,1,0,0
BRDA:8,1,1,0
BRDA:8,1,2,0
BRDA:15,2,0,0
BRDA:15,2,1,0
BRDA:67,3,0,0
BRDA:67,3,1,0
BRDA:93,4,0,0
BRDA:93,4,1,0
BRDA:100,5,0,0
BRDA:100,5,1,0
BRDA:101,6,0,0
BRDA:101,6,1,0
BRDA:110,7,0,0
BRDA:110,7,1,0
BRDA:110,8,0,0
BRDA:110,8,1,0
BRDA:117,9,0,0
BRDA:117,9,1,0
BRDA:118,10,0,0
BRDA:118,10,1,0
BRDA:119,11,0,0
BRDA:119,11,1,0
BRDA:140,12,0,0
BRDA:140,12,1,0
BRDA:147,13,0,0
BRDA:147,13,1,0
BRDA:148,14,0,0
BRDA:148,14,1,0
BRDA:177,15,0,0
BRDA:177,15,1,0
BRDA:185,16,0,0
BRDA:185,16,1,0
BRDA:192,17,0,0
BRDA:192,17,1,0
BRF:37
BRH:0
end_of_record
TN:
SF:src\controllers\userController.js
FN:3,(anonymous_0)
FN:28,(anonymous_1)
FN:59,(anonymous_2)
FN:111,(anonymous_3)
FN:144,(anonymous_4)
FNF:5
FNH:0
FNDA:0,(anonymous_0)
FNDA:0,(anonymous_1)
FNDA:0,(anonymous_2)
FNDA:0,(anonymous_3)
FNDA:0,(anonymous_4)
DA:1,3
DA:3,3
DA:4,0
DA:5,0
DA:6,0
DA:12,0
DA:14,0
DA:20,0
DA:21,0
DA:28,3
DA:29,0
DA:30,0
DA:31,0
DA:37,0
DA:39,0
DA:40,0
DA:46,0
DA:51,0
DA:52,0
DA:59,3
DA:60,0
DA:61,0
DA:64,0
DA:66,0
DA:67,0
DA:74,0
DA:78,0
DA:85,0
DA:86,0
DA:87,0
DA:89,0
DA:91,0
DA:103,0
DA:104,0
DA:111,3
DA:112,0
DA:114,0
DA:115,0
DA:120,0
DA:122,0
DA:123,0
DA:129,0
DA:131,0
DA:136,0
DA:137,0
DA:144,3
DA:145,0
DA:146,0
DA:148,0
DA:153,0
DA:154,0
DA:161,3
LF:52
LH:7
BRDA:5,0,0,0
BRDA:5,0,1,0
BRDA:30,1,0,0
BRDA:30,1,1,0
BRDA:39,2,0,0
BRDA:39,2,1,0
BRDA:66,3,0,0
BRDA:66,3,1,0
BRDA:74,4,0,0
BRDA:74,4,1,0
BRDA:75,5,0,0
BRDA:75,5,1,0
BRDA:85,6,0,0
BRDA:85,6,1,0
BRDA:86,7,0,0
BRDA:86,7,1,0
BRDA:87,8,0,0
BRDA:87,8,1,0
BRDA:114,9,0,0
BRDA:114,9,1,0
BRDA:122,10,0,0
BRDA:122,10,1,0
BRF:22
BRH:0
end_of_record
TN:
SF:src\middleware\auth.js
FN:5,(anonymous_0)
FNF:1
FNH:0
FNDA:0,(anonymous_0)
DA:1,3
DA:2,3
DA:5,3
DA:6,0
DA:10,0
DA:14,0
DA:17,0
DA:18,0
DA:24,0
DA:26,0
DA:28,0
DA:29,0
DA:35,0
DA:37,0
DA:38,0
DA:45,3
LF:16
LH:4
BRDA:10,0,0,0
BRDA:10,0,1,0
BRDA:11,1,0,0
BRDA:11,1,1,0
BRDA:17,2,0,0
BRDA:17,2,1,0
BRDA:28,3,0,0
BRDA:28,3,1,0
BRF:8
BRH:0
end_of_record
TN:
SF:src\models\Book.js
FNF:0
FNH:0
DA:1,3
DA:3,3
DA:17,3
LF:3
LH:3
BRF:0
BRH:0
end_of_record
TN:
SF:src\models\User.js
FN:17,(anonymous_0)
FN:33,(anonymous_1)
FNF:2
FNH:2
FNDA:33,(anonymous_0)
FNDA:2,(anonymous_1)
DA:1,3
DA:2,3
DA:4,3
DA:17,3
DA:19,33
DA:20,0
DA:23,33
DA:24,33
DA:25,33
DA:26,33
DA:28,0
DA:33,3
DA:34,2
DA:37,3
LF:14
LH:12
BRDA:19,0,0,0
BRDA:19,0,1,33
BRF:2
BRH:1
end_of_record
TN:
SF:src\routes\authRoutes.js
FNF:0
FNH:0
DA:1,3
DA:2,3
DA:3,3
DA:56,3
DA:97,3
DA:109,3
DA:111,3
LF:7
LH:7
BRF:0
BRH:0
end_of_record
TN:
SF:src\routes\bookRoutes.js
FNF:0
FNH:0
DA:1,3
DA:2,3
DA:10,3
DA:11,3
DA:34,3
DA:70,3
DA:91,3
DA:127,3
DA:150,3
DA:173,3
DA:175,3
LF:11
LH:11
BRF:0
BRH:0
end_of_record
TN:
SF:src\routes\userRoutes.js
FNF:0
FNH:0
DA:1,3
DA:2,3
DA:9,3
DA:10,3
DA:24,3
DA:40,3
DA:63,3
DA:97,3
DA:120,3
DA:122,3
LF:10
LH:10
BRF:0
BRH:0
end_of_record
